2026-04-19 14:22:20:2220 [32minfo[39m: [32mDatabase connected successfully[39m
2026-04-19 14:22:20:2220 [32minfo[39m: [32m✅ Organization created: DERA CRM[39m
2026-04-19 14:22:20:2220 [32minfo[39m: [32m[39m
[32m      ======================================[39m
[32m      ✅ Admin user created successfully![39m
[32m      ======================================[39m
[32m      [39m
[32m      📧 Email: admin@deracrm.com[39m
[32m      🔑 Password: Admin@123456[39m
[32m      👤 Name: Super Admin[39m
[32m      🎭 Role: admin[39m
[32m      🏢 Organization: DERA CRM[39m
[32m      🆔 Organization ID: 1[39m
[32m      [39m
[32m      ======================================[39m
[32m      ⚠️  Please change the password after first login![39m
[32m      ======================================[39m
[32m    [39m
2026-04-19 14:23:48:2348 [32minfo[39m: [32mDatabase connection established successfully.[39m
2026-04-19 14:23:48:2348 [32minfo[39m: [32mInitializing scheduled jobs...[39m
2026-04-19 14:23:48:2348 [32minfo[39m: [32mCampaign queues initialized[39m
2026-04-19 14:23:48:2348 [32minfo[39m: [32mBackup job scheduled for 2 AM daily[39m
2026-04-19 14:23:48:2348 [32minfo[39m: [32mCampaign scheduler started (checking every minute)[39m
2026-04-19 14:23:48:2348 [32minfo[39m: [32mSLA monitor scheduled (every hour)[39m
2026-04-19 14:23:48:2348 [32minfo[39m: [32mDaily digest scheduled for 8 AM daily[39m
2026-04-19 14:23:48:2348 [32minfo[39m: [32mWeekly summary scheduled for Monday at 9 AM[39m
2026-04-19 14:23:48:2348 [32minfo[39m: [32mCleanup jobs scheduled for 3 AM daily[39m
2026-04-19 14:23:48:2348 [32minfo[39m: [32mNotification jobs started[39m
2026-04-19 14:23:48:2348 [32minfo[39m: [32mAll scheduled jobs initialized successfully[39m
2026-04-19 14:23:48:2348 [32minfo[39m: [32m[39m
[32m      ################################################[39m
[32m      🚀 Server listening on port: 5000 🚀[39m
[32m      🏠 Environment: development[39m
[32m      📊 API URL: http://localhost:5000/api[39m
[32m      ################################################[39m
[32m      [39m
2026-04-19 14:23:52:2352 [32minfo[39m: [32mRequest started[39m
2026-04-19 14:24:00:240 [32minfo[39m: [32mRequest started[39m
2026-04-19 14:24:01:241 [32minfo[39m: [32mRequest started[39m
2026-04-19 14:24:01:241 [32minfo[39m: [32mRequest started[39m
2026-04-19 14:24:01:241 [32minfo[39m: [32mRequest started[39m
2026-04-19 14:24:02:242 [32minfo[39m: [32mRequest started[39m
2026-04-19 14:24:03:243 [32minfo[39m: [32mEmail transporter ready[39m
2026-04-19 14:24:04:244 [32minfo[39m: [32mRequest started[39m
2026-04-19 14:24:04:244 [32minfo[39m: [32mRequest started[39m
2026-04-19 14:24:13:2413 [32minfo[39m: [32mRequest started[39m
2026-04-19 14:24:15:2415 [32minfo[39m: [32mRequest started[39m
2026-04-19 14:24:15:2415 [32minfo[39m: [32mRequest started[39m
2026-04-19 14:24:37:2437 [32minfo[39m: [32mRequest started[39m
2026-04-19 14:24:41:2441 [32minfo[39m: [32mRequest started[39m
2026-04-19 14:24:41:2441 [32minfo[39m: [32mRequest started[39m
2026-04-19 14:24:42:2442 [32minfo[39m: [32mRequest started[39m
2026-04-19 14:24:42:2442 [32minfo[39m: [32mRequest started[39m
2026-04-19 14:24:43:2443 [32minfo[39m: [32mRequest started[39m
2026-04-19 14:24:43:2443 [32minfo[39m: [32mRequest started[39m
2026-04-19 14:24:46:2446 [32minfo[39m: [32mRequest started[39m
2026-04-19 14:24:46:2446 [32minfo[39m: [32mRequest started[39m
2026-04-19 14:25:22:2522 [32minfo[39m: [32mRequest started[39m
2026-04-19 14:25:36:2536 [32minfo[39m: [32mRequest started[39m
2026-04-19 14:25:36:2536 [32minfo[39m: [32mRequest started[39m
2026-04-19 14:25:36:2536 [32minfo[39m: [32mRequest started[39m
2026-04-19 14:25:36:2536 [32minfo[39m: [32mRequest started[39m
2026-04-19 14:25:36:2536 [32minfo[39m: [32mRequest started[39m
2026-04-19 14:25:40:2540 [32minfo[39m: [32mRequest started[39m
2026-04-19 14:25:43:2543 [32minfo[39m: [32mRequest started[39m
2026-04-19 14:25:51:2551 [32minfo[39m: [32mRequest started[39m
2026-04-19 14:25:56:2556 [32minfo[39m: [32mRequest started[39m
2026-04-19 14:26:01:261 [32minfo[39m: [32mRequest started[39m
2026-04-19 14:26:06:266 [32minfo[39m: [32mRequest started[39m
2026-04-19 14:26:06:266 [32minfo[39m: [32mRequest started[39m
2026-04-19 14:26:07:267 [32minfo[39m: [32mRequest started[39m
2026-04-19 14:26:07:267 [32minfo[39m: [32mRequest started[39m
2026-04-19 14:26:13:2613 [32minfo[39m: [32mRequest started[39m
2026-04-19 14:26:53:2653 [32minfo[39m: [32mRequest started[39m
2026-04-19 14:26:53:2653 [32minfo[39m: [32mRequest started[39m
2026-04-19 14:26:53:2653 [32minfo[39m: [32mRequest started[39m
2026-04-19 14:26:53:2653 [32minfo[39m: [32mRequest started[39m
2026-04-19 14:26:54:2654 [32minfo[39m: [32mRequest started[39m
2026-04-19 14:26:54:2654 [32minfo[39m: [32mRequest started[39m
2026-04-19 14:26:54:2654 [32minfo[39m: [32mRequest started[39m
2026-04-19 14:26:54:2654 [32minfo[39m: [32mRequest started[39m
2026-04-19 14:26:54:2654 [32minfo[39m: [32mRequest started[39m
2026-04-19 14:26:54:2654 [32minfo[39m: [32mRequest started[39m
2026-04-19 14:27:00:270 [32minfo[39m: [32mEmail sent successfully: d8531e92-5419-40c2-a500-7c86d081e238[39m
2026-04-19 14:27:24:2724 [32minfo[39m: [32mRequest started[39m
2026-04-19 14:27:24:2724 [32minfo[39m: [32mRequest started[39m
2026-04-19 14:27:24:2724 [32minfo[39m: [32mRequest started[39m
2026-04-19 14:27:54:2754 [32minfo[39m: [32mRequest started[39m
2026-04-19 14:27:54:2754 [32minfo[39m: [32mRequest started[39m
2026-04-19 14:27:54:2754 [32minfo[39m: [32mRequest started[39m
2026-04-19 14:28:24:2824 [32minfo[39m: [32mRequest started[39m
2026-04-19 14:28:24:2824 [32minfo[39m: [32mRequest started[39m
2026-04-19 14:28:24:2824 [32minfo[39m: [32mRequest started[39m
2026-04-19 14:28:53:2853 [32minfo[39m: [32mSIGINT received. Starting graceful shutdown...[39m
2026-04-19 14:28:53:2853 [32minfo[39m: [32mHTTP server closed.[39m
2026-04-19 14:28:53:2853 [32minfo[39m: [32mDatabase connection closed.[39m
